<?xml version="1.0" encoding="UTF-8" ?>
<testsuite tests="4" failures="0" name="cucumbertest.RunCucumberTest" time="0.287" errors="0" skipped="0">
  <properties>
[...]
</properties>
  <testcase classname="Happy Feet" name="Not enough penguins were punted" time="0.232"/>
  <testcase classname="Happy Feet" name="Enough penguins were punted" time="0.009"/>
  <testcase classname="Is it Friday yet?" name="Sunday isn&apos;t Friday" time="0.017"/>
  <testcase classname="Is it Friday yet?" name="Friday is Friday" time="0.029"/>
</testsuite>